18-07-02 19:50:24:Error at file[/opt/vendor/easyswoole/easyswoole/src/Core/Swoole/ServerManager.php] line[115] message:[Uncaught Swoole\Exception: failed to listen server port[0.0.0.0:9501]. Error: Address already in use[98]. in /opt/vendor/easyswoole/easyswoole/src/Core/Swoole/ServerManager.php:115
Stack trace:
#0 /opt/vendor/easyswoole/easyswoole/src/Core/Swoole/ServerManager.php(115): Swoole\Server->__construct('0.0.0.0', 9501, 3, 1)
#1 /opt/vendor/easyswoole/easyswoole/src/Core/Swoole/ServerManager.php(61): EasySwoole\Core\Swoole\ServerManager->createMainServer()
#2 /opt/vendor/easyswoole/easyswoole/src/Core/Core.php(45): EasySwoole\Core\Swoole\ServerManager->start()
#3 /opt/vendor/easyswoole/easyswoole/bin/easyswoole(321): EasySwoole\Core\Core->run()
#4 /opt/vendor/easyswoole/easyswoole/bin/easyswoole(24): serverStart(Array)
#5 /opt/vendor/easyswoole/easyswoole/bin/easyswoole(457): commandHandler()
#6 /opt/easyswoole(2): require('/opt/vendor/eas...')
#7 {main}
  thrown]
18-07-02 20:27:56:Error at file[/opt/App/ViewController.php] line[58] message:[response has end at status 1]
18-07-02 20:29:02:Error at file[/opt/App/ViewController.php] line[58] message:[response has end at status 1]
18-07-02 20:29:15:Error at file[/opt/App/ViewController.php] line[58] message:[response has end at status 1]
18-07-03 23:15:00:Error at file[/opt/Temp/templates_c/f93ac2c42ded2367cae6e55729449e17.php] line[2] message:[Undefined variable: list]
18-07-03 23:16:18:Error at file[/opt/Temp/templates_c/f93ac2c42ded2367cae6e55729449e17.php] line[2] message:[htmlentities() expects parameter 1 to be string, array given]
18-07-04 16:05:12:Error at file[/opt/html/vendor/easyswoole/easyswoole/src/Core/Swoole/EventHelper.php] line[54] message:[response has end at status 1]
18-07-04 16:07:55:Error at file[/opt/html/vendor/easyswoole/easyswoole/src/Core/Swoole/EventHelper.php] line[54] message:[response has end at status 1]
18-07-05 21:50:57:Error at file[/opt/App/HttpController/admin/Auth.php] line[14] message:[Class App\HttpController\admin\Auth contains 1 abstract method and must therefore be declared abstract or implement the remaining methods (App\HttpController\admin\Auth::index)]
18-07-05 21:51:13:Error at file[/opt/App/HttpController/admin/Auth.php] line[14] message:[Class App\HttpController\admin\Auth contains 1 abstract method and must therefore be declared abstract or implement the remaining methods (App\HttpController\admin\Auth::index)]
18-07-05 21:52:01:Error at file[/opt/App/HttpController/Admin/Index.php] line[31] message:[Undefined index: title]
18-07-05 21:52:01:Error at file[/opt/App/HttpController/Admin/Index.php] line[32] message:[Undefined index: content]
18-07-05 21:52:01:Error at file[/opt/App/HttpController/Admin/Index.php] line[33] message:[Undefined index: sort_id]
18-07-05 21:52:01:Error at file[/opt/App/HttpController/Admin/Index.php] line[34] message:[Undefined index: view]
18-07-05 21:52:01:Error at file[/opt/App/HttpController/Admin/Index.php] line[35] message:[Undefined index: tag]
18-07-05 21:52:01:Error at file[/opt/App/HttpController/Admin/Index.php] line[36] message:[Undefined index: is_delete]
18-07-05 21:52:01:Error at file[/opt/App/HttpController/Admin/Index.php] line[37] message:[Undefined index: is_top]
18-07-05 21:52:01:Error at file[/opt/App/HttpController/Admin/Index.php] line[38] message:[Undefined index: type_id]
18-07-05 21:52:01:Error at file[/opt/App/HttpController/Admin/Index.php] line[39] message:[Undefined index: pic]
18-07-05 21:56:45:Error at file[/var/www/html/App/HttpController/Admin/Index.php] line[31] message:[Undefined index: title]
18-07-05 21:56:45:Error at file[/var/www/html/App/HttpController/Admin/Index.php] line[32] message:[Undefined index: content]
18-07-05 21:56:45:Error at file[/var/www/html/App/HttpController/Admin/Index.php] line[33] message:[Undefined index: sort_id]
18-07-05 21:56:45:Error at file[/var/www/html/App/HttpController/Admin/Index.php] line[34] message:[Undefined index: view]
18-07-05 21:56:45:Error at file[/var/www/html/App/HttpController/Admin/Index.php] line[35] message:[Undefined index: tag]
18-07-05 21:56:45:Error at file[/var/www/html/App/HttpController/Admin/Index.php] line[36] message:[Undefined index: is_delete]
18-07-05 21:56:45:Error at file[/var/www/html/App/HttpController/Admin/Index.php] line[37] message:[Undefined index: is_top]
18-07-05 21:56:45:Error at file[/var/www/html/App/HttpController/Admin/Index.php] line[38] message:[Undefined index: type_id]
18-07-05 21:56:45:Error at file[/var/www/html/App/HttpController/Admin/Index.php] line[39] message:[Undefined index: pic]
18-07-05 21:59:52:Error at file[/var/www/html/vendor/topthink/think-orm/src/db/Connection.php] line[660] message:[PDOStatement::execute(): MySQL server has gone away]
18-07-05 21:59:52:Error at file[/var/www/html/vendor/topthink/think-orm/src/db/Connection.php] line[660] message:[PDOStatement::execute(): Error reading result set's header]
18-07-05 22:22:25:Error at file[/var/www/html/Temp/templates_c/2aaee870c3cba963db2ca62469368da7.php] line[98] message:[Undefined variable: couts]
18-07-05 22:27:32:Error at file[/var/www/html/Temp/templates_c/2aaee870c3cba963db2ca62469368da7.php] line[87] message:[Undefined variable: couts]
18-07-05 22:27:32:Error at file[/var/www/html/Temp/templates_c/2aaee870c3cba963db2ca62469368da7.php] line[132] message:[Undefined variable: list]
18-07-05 22:32:45:Error at file[/var/www/html/Temp/templates_c/f22a706ba2010d62cede25fc8dcc4c8e.php] line[127] message:[Undefined variable: id]
18-07-05 22:32:47:Error at file[/var/www/html/Temp/templates_c/f22a706ba2010d62cede25fc8dcc4c8e.php] line[127] message:[Undefined variable: id]
18-07-05 22:34:04:Error at file[/var/www/html/Temp/templates_c/f22a706ba2010d62cede25fc8dcc4c8e.php] line[127] message:[Undefined variable: res]
18-07-10 22:14:04:Error at file[/Users/chongyan/Desktop/easyswoole/vendor/topthink/think-orm/src/db/Connection.php] line[646] message:[PDO::prepare(): MySQL server has gone away]
18-07-10 22:14:08:Error at file[/Users/chongyan/Desktop/easyswoole/Temp/templates_c/4c82bfe1f7bb463023691ca2f098dd14.php] line[158] message:[Undefined variable: list]
18-07-10 22:14:10:Error at file[/Users/chongyan/Desktop/easyswoole/Temp/templates_c/4c82bfe1f7bb463023691ca2f098dd14.php] line[158] message:[Undefined variable: list]
18-07-10 22:15:22:Error at file[/Users/chongyan/Desktop/easyswoole/Temp/templates_c/4c82bfe1f7bb463023691ca2f098dd14.php] line[158] message:[Undefined variable: list]
18-07-10 22:15:23:Error at file[/Users/chongyan/Desktop/easyswoole/Temp/templates_c/4c82bfe1f7bb463023691ca2f098dd14.php] line[158] message:[Undefined variable: list]
18-07-10 22:15:33:Error at file[/Users/chongyan/Desktop/easyswoole/vendor/easyswoole/easyswoole/src/Core/Swoole/ServerManager.php] line[115] message:[Uncaught Swoole\Exception: failed to listen server port[0.0.0.0:9501]. Error: Address already in use[48]. in /Users/chongyan/Desktop/easyswoole/vendor/easyswoole/easyswoole/src/Core/Swoole/ServerManager.php:115
Stack trace:
#0 /Users/chongyan/Desktop/easyswoole/vendor/easyswoole/easyswoole/src/Core/Swoole/ServerManager.php(115): Swoole\Server->__construct('0.0.0.0', 9501, 3, 1)
#1 /Users/chongyan/Desktop/easyswoole/vendor/easyswoole/easyswoole/src/Core/Swoole/ServerManager.php(61): EasySwoole\Core\Swoole\ServerManager->createMainServer()
#2 /Users/chongyan/Desktop/easyswoole/vendor/easyswoole/easyswoole/src/Core/Core.php(45): EasySwoole\Core\Swoole\ServerManager->start()
#3 /Users/chongyan/Desktop/easyswoole/vendor/easyswoole/easyswoole/bin/easyswoole(321): EasySwoole\Core\Core->run()
#4 /Users/chongyan/Desktop/easyswoole/vendor/easyswoole/easyswoole/bin/easyswoole(24): serverStart(Array)
#5 /Users/chongyan/Desktop/easyswoole/vendor/easyswoole/easyswoole/bin/easyswoole(457): commandHandler()
#6 /Users/chongya]
18-07-10 22:16:06:Error at file[/Users/chongyan/Desktop/easyswoole/vendor/easyswoole/easyswoole/src/Core/Swoole/ServerManager.php] line[115] message:[Uncaught Swoole\Exception: failed to listen server port[0.0.0.0:9501]. Error: Address already in use[48]. in /Users/chongyan/Desktop/easyswoole/vendor/easyswoole/easyswoole/src/Core/Swoole/ServerManager.php:115
Stack trace:
#0 /Users/chongyan/Desktop/easyswoole/vendor/easyswoole/easyswoole/src/Core/Swoole/ServerManager.php(115): Swoole\Server->__construct('0.0.0.0', 9501, 3, 1)
#1 /Users/chongyan/Desktop/easyswoole/vendor/easyswoole/easyswoole/src/Core/Swoole/ServerManager.php(61): EasySwoole\Core\Swoole\ServerManager->createMainServer()
#2 /Users/chongyan/Desktop/easyswoole/vendor/easyswoole/easyswoole/src/Core/Core.php(45): EasySwoole\Core\Swoole\ServerManager->start()
#3 /Users/chongyan/Desktop/easyswoole/vendor/easyswoole/easyswoole/bin/easyswoole(321): EasySwoole\Core\Core->run()
#4 /Users/chongyan/Desktop/easyswoole/vendor/easyswoole/easyswoole/bin/easyswoole(24): serverStart(Array)
#5 /Users/chongyan/Desktop/easyswoole/vendor/easyswoole/easyswoole/bin/easyswoole(457): commandHandler()
#6 /Users/chongya]
18-07-16 20:45:43:Error at file[/Users/chongyan/Desktop/easyswoole/Temp/templates_c/1c1a557beeda322d569554e4c4c63142.php] line[171] message:[Undefined variable: list]
18-07-16 20:45:56:Error at file[/Users/chongyan/Desktop/easyswoole/Temp/templates_c/1c1a557beeda322d569554e4c4c63142.php] line[171] message:[Undefined variable: list]
18-07-16 20:46:23:Error at file[/Users/chongyan/Desktop/easyswoole/Temp/templates_c/1c1a557beeda322d569554e4c4c63142.php] line[171] message:[Undefined variable: list]
18-07-16 20:54:37:Error at file[/Users/chongyan/Desktop/easyswoole/vendor/easyswoole/easyswoole/src/Core/Swoole/ServerManager.php] line[115] message:[Uncaught Swoole\Exception: failed to listen server port[0.0.0.0:9501]. Error: Address already in use[48]. in /Users/chongyan/Desktop/easyswoole/vendor/easyswoole/easyswoole/src/Core/Swoole/ServerManager.php:115
Stack trace:
#0 /Users/chongyan/Desktop/easyswoole/vendor/easyswoole/easyswoole/src/Core/Swoole/ServerManager.php(115): Swoole\Server->__construct('0.0.0.0', 9501, 3, 1)
#1 /Users/chongyan/Desktop/easyswoole/vendor/easyswoole/easyswoole/src/Core/Swoole/ServerManager.php(61): EasySwoole\Core\Swoole\ServerManager->createMainServer()
#2 /Users/chongyan/Desktop/easyswoole/vendor/easyswoole/easyswoole/src/Core/Core.php(45): EasySwoole\Core\Swoole\ServerManager->start()
#3 /Users/chongyan/Desktop/easyswoole/vendor/easyswoole/easyswoole/bin/easyswoole(321): EasySwoole\Core\Core->run()
#4 /Users/chongyan/Desktop/easyswoole/vendor/easyswoole/easyswoole/bin/easyswoole(24): serverStart(Array)
#5 /Users/chongyan/Desktop/easyswoole/vendor/easyswoole/easyswoole/bin/easyswoole(457): commandHandler()
#6 /Users/chongya]
18-07-16 20:56:52:Error at file[/Users/chongyan/Desktop/easyswoole/App/HttpController/Index.php] line[44] message:[Undefined variable: res]
18-07-16 20:56:52:Error at file[/Users/chongyan/Desktop/easyswoole/App/HttpController/Index.php] line[45] message:[Undefined variable: res]
18-07-16 20:56:52:Error at file[/Users/chongyan/Desktop/easyswoole/App/HttpController/Index.php] line[46] message:[Undefined variable: res]
18-07-16 20:57:02:Error at file[/Users/chongyan/Desktop/easyswoole/App/HttpController/Index.php] line[44] message:[Undefined variable: res]
18-07-16 20:57:02:Error at file[/Users/chongyan/Desktop/easyswoole/App/HttpController/Index.php] line[45] message:[Undefined variable: res]
18-07-16 20:57:02:Error at file[/Users/chongyan/Desktop/easyswoole/App/HttpController/Index.php] line[46] message:[Undefined variable: res]
18-07-16 20:57:24:Error at file[/Users/chongyan/Desktop/easyswoole/App/HttpController/Index.php] line[44] message:[Undefined variable: res]
18-07-16 20:57:24:Error at file[/Users/chongyan/Desktop/easyswoole/App/HttpController/Index.php] line[45] message:[Undefined variable: res]
18-07-16 20:57:24:Error at file[/Users/chongyan/Desktop/easyswoole/App/HttpController/Index.php] line[46] message:[Undefined variable: res]
18-07-16 20:57:54:Error at file[/Users/chongyan/Desktop/easyswoole/App/HttpController/Index.php] line[45] message:[Undefined variable: res]
18-07-16 20:57:54:Error at file[/Users/chongyan/Desktop/easyswoole/App/HttpController/Index.php] line[46] message:[Undefined variable: res]
18-07-16 20:57:54:Error at file[/Users/chongyan/Desktop/easyswoole/App/HttpController/Index.php] line[47] message:[Undefined variable: res]
18-07-16 20:58:20:Error at file[/Users/chongyan/Desktop/easyswoole/Temp/templates_c/4c82bfe1f7bb463023691ca2f098dd14.php] line[158] message:[Undefined variable: list]
18-07-16 20:59:44:Error at file[/Users/chongyan/Desktop/easyswoole/Temp/templates_c/4c82bfe1f7bb463023691ca2f098dd14.php] line[158] message:[Undefined variable: list]
18-07-16 21:00:02:Error at file[/Users/chongyan/Desktop/easyswoole/Temp/templates_c/4c82bfe1f7bb463023691ca2f098dd14.php] line[158] message:[Undefined variable: list]
18-07-16 21:01:22:Error at file[/Users/chongyan/Desktop/easyswoole/Temp/templates_c/4c82bfe1f7bb463023691ca2f098dd14.php] line[158] message:[Undefined variable: list]
18-07-16 21:01:49:Error at file[/Users/chongyan/Desktop/easyswoole/Temp/templates_c/4c82bfe1f7bb463023691ca2f098dd14.php] line[158] message:[Undefined variable: list]
18-07-16 21:01:49:Error at file[/Users/chongyan/Desktop/easyswoole/Temp/templates_c/4c82bfe1f7bb463023691ca2f098dd14.php] line[158] message:[Undefined variable: list]
18-07-16 21:01:50:Error at file[/Users/chongyan/Desktop/easyswoole/Temp/templates_c/4c82bfe1f7bb463023691ca2f098dd14.php] line[158] message:[Undefined variable: list]
18-07-16 21:01:51:Error at file[/Users/chongyan/Desktop/easyswoole/Temp/templates_c/4c82bfe1f7bb463023691ca2f098dd14.php] line[158] message:[Undefined variable: list]
18-07-16 21:01:51:Error at file[/Users/chongyan/Desktop/easyswoole/Temp/templates_c/4c82bfe1f7bb463023691ca2f098dd14.php] line[158] message:[Undefined variable: list]
18-07-16 21:01:58:Error at file[/Users/chongyan/Desktop/easyswoole/Temp/templates_c/4c82bfe1f7bb463023691ca2f098dd14.php] line[158] message:[Undefined variable: list]
18-07-16 21:02:00:Error at file[/Users/chongyan/Desktop/easyswoole/Temp/templates_c/4c82bfe1f7bb463023691ca2f098dd14.php] line[158] message:[Undefined variable: list]
18-07-16 21:02:02:Error at file[/Users/chongyan/Desktop/easyswoole/App/HttpController/Index.php] line[96] message:[Undefined variable: res]
18-07-16 21:02:02:Error at file[/Users/chongyan/Desktop/easyswoole/App/HttpController/Index.php] line[97] message:[Undefined variable: res]
18-07-16 21:02:02:Error at file[/Users/chongyan/Desktop/easyswoole/App/HttpController/Index.php] line[98] message:[Undefined variable: res]
18-07-16 21:02:02:Error at file[/Users/chongyan/Desktop/easyswoole/Temp/templates_c/1c1a557beeda322d569554e4c4c63142.php] line[171] message:[Undefined variable: list]
18-07-16 21:02:04:Error at file[/Users/chongyan/Desktop/easyswoole/Temp/templates_c/4c82bfe1f7bb463023691ca2f098dd14.php] line[158] message:[Undefined variable: list]
18-07-16 21:14:19:Error at file[/Users/chongyan/Desktop/easyswoole/Temp/templates_c/1c1a557beeda322d569554e4c4c63142.php] line[171] message:[Undefined variable: list]
18-07-16 21:21:57:Error at file[/Users/chongyan/Desktop/easyswoole/Temp/templates_c/1c1a557beeda322d569554e4c4c63142.php] line[171] message:[Undefined variable: list]
18-07-16 21:25:00:Error at file[/Users/chongyan/Desktop/easyswoole/Temp/templates_c/b3adbfc0025cac279631e3d99c470a41.php] line[31] message:[Undefined variable: list]
18-07-16 21:26:21:Error at file[/Users/chongyan/Desktop/easyswoole/Temp/templates_c/b3adbfc0025cac279631e3d99c470a41.php] line[32] message:[Undefined variable: list]
18-07-16 21:26:39:Error at file[/Users/chongyan/Desktop/easyswoole/Temp/templates_c/b3adbfc0025cac279631e3d99c470a41.php] line[33] message:[Undefined variable: list]
18-07-16 21:26:40:Error at file[/Users/chongyan/Desktop/easyswoole/Temp/templates_c/b3adbfc0025cac279631e3d99c470a41.php] line[33] message:[Undefined variable: list]
18-07-16 21:27:23:Error at file[/Users/chongyan/Desktop/easyswoole/Temp/templates_c/b3adbfc0025cac279631e3d99c470a41.php] line[32] message:[Undefined variable: list]
18-07-16 21:27:24:Error at file[/Users/chongyan/Desktop/easyswoole/Temp/templates_c/b3adbfc0025cac279631e3d99c470a41.php] line[32] message:[Undefined variable: list]
18-07-16 21:30:32:Error at file[/Users/chongyan/Desktop/easyswoole/Temp/templates_c/1c1a557beeda322d569554e4c4c63142.php] line[171] message:[Undefined variable: list]
18-07-16 21:30:35:Error at file[/Users/chongyan/Desktop/easyswoole/Temp/templates_c/1c1a557beeda322d569554e4c4c63142.php] line[171] message:[Undefined variable: list]
18-07-16 21:30:45:Error at file[/Users/chongyan/Desktop/easyswoole/Temp/templates_c/1c1a557beeda322d569554e4c4c63142.php] line[171] message:[Undefined variable: list]
18-07-16 21:31:07:Error at file[/Users/chongyan/Desktop/easyswoole/Temp/templates_c/1c1a557beeda322d569554e4c4c63142.php] line[171] message:[Undefined variable: list]
18-07-16 21:46:51:Error at file[/Users/chongyan/Desktop/easyswoole/Temp/templates_c/4c82bfe1f7bb463023691ca2f098dd14.php] line[107] message:[Undefined variable: pages]
18-07-16 21:47:02:Error at file[/Users/chongyan/Desktop/easyswoole/Temp/templates_c/4c82bfe1f7bb463023691ca2f098dd14.php] line[107] message:[Undefined variable: pages]
18-07-16 21:47:03:Error at file[/Users/chongyan/Desktop/easyswoole/Temp/templates_c/4c82bfe1f7bb463023691ca2f098dd14.php] line[107] message:[Undefined variable: pages]
18-07-16 21:47:54:Error at file[/Users/chongyan/Desktop/easyswoole/Temp/templates_c/1c1a557beeda322d569554e4c4c63142.php] line[171] message:[Undefined variable: list]
18-07-16 21:49:49:Error at file[/Users/chongyan/Desktop/easyswoole/Temp/templates_c/1c1a557beeda322d569554e4c4c63142.php] line[171] message:[Undefined variable: list]
18-07-16 21:50:57:Error at file[/Users/chongyan/Desktop/easyswoole/Temp/templates_c/1c1a557beeda322d569554e4c4c63142.php] line[171] message:[Undefined variable: list]
18-07-16 21:56:56:Error at file[/Users/chongyan/Desktop/easyswoole/Temp/templates_c/1c1a557beeda322d569554e4c4c63142.php] line[171] message:[Undefined variable: list]
18-07-16 21:57:02:Error at file[/Users/chongyan/Desktop/easyswoole/Temp/templates_c/1c1a557beeda322d569554e4c4c63142.php] line[171] message:[Undefined variable: list]
18-07-16 21:57:23:Error at file[/Users/chongyan/Desktop/easyswoole/Temp/templates_c/1c1a557beeda322d569554e4c4c63142.php] line[171] message:[Undefined variable: list]
18-07-16 21:57:37:Error at file[/Users/chongyan/Desktop/easyswoole/Temp/templates_c/1c1a557beeda322d569554e4c4c63142.php] line[171] message:[Undefined variable: list]
18-07-16 21:57:39:Error at file[/Users/chongyan/Desktop/easyswoole/Temp/templates_c/1c1a557beeda322d569554e4c4c63142.php] line[171] message:[Undefined variable: list]
18-07-16 21:57:43:Error at file[/Users/chongyan/Desktop/easyswoole/Temp/templates_c/1c1a557beeda322d569554e4c4c63142.php] line[171] message:[Undefined variable: list]
18-07-16 21:57:45:Error at file[/Users/chongyan/Desktop/easyswoole/Temp/templates_c/1c1a557beeda322d569554e4c4c63142.php] line[171] message:[Undefined variable: list]
18-07-16 21:58:25:Error at file[/Users/chongyan/Desktop/easyswoole/Temp/templates_c/1c1a557beeda322d569554e4c4c63142.php] line[171] message:[Undefined variable: list]
18-07-16 21:58:30:Error at file[/Users/chongyan/Desktop/easyswoole/Temp/templates_c/1c1a557beeda322d569554e4c4c63142.php] line[171] message:[Undefined variable: list]
18-07-16 21:58:36:Error at file[/Users/chongyan/Desktop/easyswoole/Temp/templates_c/1c1a557beeda322d569554e4c4c63142.php] line[171] message:[Undefined variable: list]
18-07-16 21:59:00:Error at file[/Users/chongyan/Desktop/easyswoole/Temp/templates_c/1c1a557beeda322d569554e4c4c63142.php] line[171] message:[Undefined variable: list]
18-07-16 21:59:07:Error at file[/Users/chongyan/Desktop/easyswoole/Temp/templates_c/1c1a557beeda322d569554e4c4c63142.php] line[171] message:[Undefined variable: list]
18-07-16 21:59:08:Error at file[/Users/chongyan/Desktop/easyswoole/Temp/templates_c/1c1a557beeda322d569554e4c4c63142.php] line[171] message:[Undefined variable: list]
18-07-16 21:59:16:Error at file[/Users/chongyan/Desktop/easyswoole/Temp/templates_c/1c1a557beeda322d569554e4c4c63142.php] line[171] message:[Undefined variable: list]
18-07-16 21:59:17:Error at file[/Users/chongyan/Desktop/easyswoole/Temp/templates_c/1c1a557beeda322d569554e4c4c63142.php] line[171] message:[Undefined variable: list]
18-07-16 21:59:18:Error at file[/Users/chongyan/Desktop/easyswoole/Temp/templates_c/1c1a557beeda322d569554e4c4c63142.php] line[171] message:[Undefined variable: list]
18-07-16 21:59:18:Error at file[/Users/chongyan/Desktop/easyswoole/Temp/templates_c/1c1a557beeda322d569554e4c4c63142.php] line[171] message:[Undefined variable: list]
18-07-16 21:59:20:Error at file[/Users/chongyan/Desktop/easyswoole/Temp/templates_c/1c1a557beeda322d569554e4c4c63142.php] line[171] message:[Undefined variable: list]
18-07-16 21:59:28:Error at file[/Users/chongyan/Desktop/easyswoole/Temp/templates_c/1c1a557beeda322d569554e4c4c63142.php] line[171] message:[Undefined variable: list]
18-07-16 21:59:44:Error at file[/Users/chongyan/Desktop/easyswoole/Temp/templates_c/1c1a557beeda322d569554e4c4c63142.php] line[171] message:[Undefined variable: list]
18-07-16 22:10:41:Error at file[/Users/chongyan/Desktop/easyswoole/Temp/templates_c/1c1a557beeda322d569554e4c4c63142.php] line[171] message:[Undefined variable: list]
18-07-16 22:17:32:Error at file[/Users/chongyan/Desktop/easyswoole/Temp/templates_c/1c1a557beeda322d569554e4c4c63142.php] line[171] message:[Undefined variable: list]
18-07-16 22:18:44:Error at file[/Users/chongyan/Desktop/easyswoole/Temp/templates_c/1c1a557beeda322d569554e4c4c63142.php] line[171] message:[Undefined variable: list]
18-07-16 22:23:46:Error at file[/Users/chongyan/Desktop/easyswoole/Temp/templates_c/1c1a557beeda322d569554e4c4c63142.php] line[70] message:[Undefined variable: list]
18-07-16 22:23:46:Error at file[/Users/chongyan/Desktop/easyswoole/Temp/templates_c/1c1a557beeda322d569554e4c4c63142.php] line[70] message:[Undefined variable: list]
18-07-16 22:23:46:Error at file[/Users/chongyan/Desktop/easyswoole/Temp/templates_c/1c1a557beeda322d569554e4c4c63142.php] line[171] message:[Undefined variable: list]
18-07-16 22:24:02:Error at file[/Users/chongyan/Desktop/easyswoole/Temp/templates_c/1c1a557beeda322d569554e4c4c63142.php] line[70] message:[Undefined offset: 0]
18-07-16 22:24:02:Error at file[/Users/chongyan/Desktop/easyswoole/Temp/templates_c/1c1a557beeda322d569554e4c4c63142.php] line[70] message:[Undefined offset: 0]
18-07-16 22:24:02:Error at file[/Users/chongyan/Desktop/easyswoole/Temp/templates_c/1c1a557beeda322d569554e4c4c63142.php] line[171] message:[Undefined variable: list]
18-07-16 22:24:03:Error at file[/Users/chongyan/Desktop/easyswoole/Temp/templates_c/1c1a557beeda322d569554e4c4c63142.php] line[70] message:[Undefined offset: 0]
18-07-16 22:24:03:Error at file[/Users/chongyan/Desktop/easyswoole/Temp/templates_c/1c1a557beeda322d569554e4c4c63142.php] line[70] message:[Undefined offset: 0]
18-07-16 22:24:03:Error at file[/Users/chongyan/Desktop/easyswoole/Temp/templates_c/1c1a557beeda322d569554e4c4c63142.php] line[171] message:[Undefined variable: list]
18-07-16 22:24:56:Error at file[/Users/chongyan/Desktop/easyswoole/Temp/templates_c/1c1a557beeda322d569554e4c4c63142.php] line[70] message:[Undefined offset: 0]
18-07-16 22:24:56:Error at file[/Users/chongyan/Desktop/easyswoole/Temp/templates_c/1c1a557beeda322d569554e4c4c63142.php] line[70] message:[Undefined offset: 0]
18-07-16 22:24:56:Error at file[/Users/chongyan/Desktop/easyswoole/Temp/templates_c/1c1a557beeda322d569554e4c4c63142.php] line[171] message:[Undefined variable: list]
18-07-16 22:24:56:Error at file[/Users/chongyan/Desktop/easyswoole/Temp/templates_c/1c1a557beeda322d569554e4c4c63142.php] line[70] message:[Undefined offset: 0]
18-07-16 22:24:56:Error at file[/Users/chongyan/Desktop/easyswoole/Temp/templates_c/1c1a557beeda322d569554e4c4c63142.php] line[70] message:[Undefined offset: 0]
18-07-16 22:24:56:Error at file[/Users/chongyan/Desktop/easyswoole/Temp/templates_c/1c1a557beeda322d569554e4c4c63142.php] line[171] message:[Undefined variable: list]
18-07-16 22:24:57:Error at file[/Users/chongyan/Desktop/easyswoole/Temp/templates_c/1c1a557beeda322d569554e4c4c63142.php] line[70] message:[Undefined offset: 0]
18-07-16 22:24:57:Error at file[/Users/chongyan/Desktop/easyswoole/Temp/templates_c/1c1a557beeda322d569554e4c4c63142.php] line[70] message:[Undefined offset: 0]
18-07-16 22:24:57:Error at file[/Users/chongyan/Desktop/easyswoole/Temp/templates_c/1c1a557beeda322d569554e4c4c63142.php] line[171] message:[Undefined variable: list]
18-07-16 22:25:12:Error at file[/Users/chongyan/Desktop/easyswoole/Temp/templates_c/1c1a557beeda322d569554e4c4c63142.php] line[70] message:[Undefined offset: 0]
18-07-16 22:25:12:Error at file[/Users/chongyan/Desktop/easyswoole/Temp/templates_c/1c1a557beeda322d569554e4c4c63142.php] line[171] message:[Undefined variable: list]
18-07-16 22:25:13:Error at file[/Users/chongyan/Desktop/easyswoole/Temp/templates_c/1c1a557beeda322d569554e4c4c63142.php] line[70] message:[Undefined offset: 0]
18-07-16 22:25:13:Error at file[/Users/chongyan/Desktop/easyswoole/Temp/templates_c/1c1a557beeda322d569554e4c4c63142.php] line[171] message:[Undefined variable: list]
18-07-16 22:25:13:Error at file[/Users/chongyan/Desktop/easyswoole/Temp/templates_c/1c1a557beeda322d569554e4c4c63142.php] line[70] message:[Undefined offset: 0]
18-07-16 22:25:13:Error at file[/Users/chongyan/Desktop/easyswoole/Temp/templates_c/1c1a557beeda322d569554e4c4c63142.php] line[171] message:[Undefined variable: list]
18-07-16 22:25:14:Error at file[/Users/chongyan/Desktop/easyswoole/Temp/templates_c/1c1a557beeda322d569554e4c4c63142.php] line[70] message:[Undefined offset: 0]
18-07-16 22:25:14:Error at file[/Users/chongyan/Desktop/easyswoole/Temp/templates_c/1c1a557beeda322d569554e4c4c63142.php] line[171] message:[Undefined variable: list]
18-07-16 22:25:14:Error at file[/Users/chongyan/Desktop/easyswoole/Temp/templates_c/1c1a557beeda322d569554e4c4c63142.php] line[70] message:[Undefined offset: 0]
18-07-16 22:25:14:Error at file[/Users/chongyan/Desktop/easyswoole/Temp/templates_c/1c1a557beeda322d569554e4c4c63142.php] line[171] message:[Undefined variable: list]
18-07-16 22:25:15:Error at file[/Users/chongyan/Desktop/easyswoole/Temp/templates_c/1c1a557beeda322d569554e4c4c63142.php] line[70] message:[Undefined offset: 0]
18-07-16 22:25:15:Error at file[/Users/chongyan/Desktop/easyswoole/Temp/templates_c/1c1a557beeda322d569554e4c4c63142.php] line[171] message:[Undefined variable: list]
18-07-16 22:25:17:Error at file[/Users/chongyan/Desktop/easyswoole/Temp/templates_c/1c1a557beeda322d569554e4c4c63142.php] line[70] message:[Undefined offset: 0]
18-07-16 22:25:17:Error at file[/Users/chongyan/Desktop/easyswoole/Temp/templates_c/1c1a557beeda322d569554e4c4c63142.php] line[70] message:[Undefined offset: 0]
18-07-16 22:25:17:Error at file[/Users/chongyan/Desktop/easyswoole/Temp/templates_c/1c1a557beeda322d569554e4c4c63142.php] line[171] message:[Undefined variable: list]
18-07-16 22:25:18:Error at file[/Users/chongyan/Desktop/easyswoole/Temp/templates_c/1c1a557beeda322d569554e4c4c63142.php] line[70] message:[Undefined offset: 0]
18-07-16 22:25:18:Error at file[/Users/chongyan/Desktop/easyswoole/Temp/templates_c/1c1a557beeda322d569554e4c4c63142.php] line[70] message:[Undefined offset: 0]
18-07-16 22:25:18:Error at file[/Users/chongyan/Desktop/easyswoole/Temp/templates_c/1c1a557beeda322d569554e4c4c63142.php] line[171] message:[Undefined variable: list]
18-07-16 22:25:18:Error at file[/Users/chongyan/Desktop/easyswoole/Temp/templates_c/1c1a557beeda322d569554e4c4c63142.php] line[70] message:[Undefined offset: 0]
18-07-16 22:25:18:Error at file[/Users/chongyan/Desktop/easyswoole/Temp/templates_c/1c1a557beeda322d569554e4c4c63142.php] line[70] message:[Undefined offset: 0]
18-07-16 22:25:18:Error at file[/Users/chongyan/Desktop/easyswoole/Temp/templates_c/1c1a557beeda322d569554e4c4c63142.php] line[171] message:[Undefined variable: list]
18-07-16 22:25:21:Error at file[/Users/chongyan/Desktop/easyswoole/Temp/templates_c/1c1a557beeda322d569554e4c4c63142.php] line[70] message:[Undefined offset: 0]
18-07-16 22:25:21:Error at file[/Users/chongyan/Desktop/easyswoole/Temp/templates_c/1c1a557beeda322d569554e4c4c63142.php] line[171] message:[Undefined variable: list]
18-07-16 22:25:58:Error at file[/Users/chongyan/Desktop/easyswoole/Temp/templates_c/1c1a557beeda322d569554e4c4c63142.php] line[171] message:[Undefined variable: list]
18-07-16 22:26:27:Error at file[/Users/chongyan/Desktop/easyswoole/Temp/templates_c/1c1a557beeda322d569554e4c4c63142.php] line[171] message:[Undefined variable: list]
18-07-16 22:26:36:Error at file[/Users/chongyan/Desktop/easyswoole/Temp/templates_c/1c1a557beeda322d569554e4c4c63142.php] line[71] message:[Undefined offset: 0]
18-07-16 22:26:36:Error at file[/Users/chongyan/Desktop/easyswoole/Temp/templates_c/1c1a557beeda322d569554e4c4c63142.php] line[71] message:[Undefined offset: 0]
18-07-16 22:26:36:Error at file[/Users/chongyan/Desktop/easyswoole/Temp/templates_c/1c1a557beeda322d569554e4c4c63142.php] line[171] message:[Undefined variable: list]
18-07-16 22:27:22:Error at file[/Users/chongyan/Desktop/easyswoole/Temp/templates_c/1c1a557beeda322d569554e4c4c63142.php] line[71] message:[Undefined offset: 0]
18-07-16 22:27:22:Error at file[/Users/chongyan/Desktop/easyswoole/Temp/templates_c/1c1a557beeda322d569554e4c4c63142.php] line[171] message:[Undefined variable: list]
18-07-16 22:27:23:Error at file[/Users/chongyan/Desktop/easyswoole/Temp/templates_c/1c1a557beeda322d569554e4c4c63142.php] line[71] message:[Undefined offset: 0]
18-07-16 22:27:23:Error at file[/Users/chongyan/Desktop/easyswoole/Temp/templates_c/1c1a557beeda322d569554e4c4c63142.php] line[171] message:[Undefined variable: list]
18-07-16 22:27:24:Error at file[/Users/chongyan/Desktop/easyswoole/Temp/templates_c/1c1a557beeda322d569554e4c4c63142.php] line[71] message:[Undefined offset: 0]
18-07-16 22:27:24:Error at file[/Users/chongyan/Desktop/easyswoole/Temp/templates_c/1c1a557beeda322d569554e4c4c63142.php] line[171] message:[Undefined variable: list]
18-07-16 22:27:36:Error at file[/Users/chongyan/Desktop/easyswoole/Temp/templates_c/1c1a557beeda322d569554e4c4c63142.php] line[171] message:[Undefined variable: list]
18-07-16 22:27:39:Error at file[/Users/chongyan/Desktop/easyswoole/Temp/templates_c/1c1a557beeda322d569554e4c4c63142.php] line[171] message:[Undefined variable: list]
18-07-16 22:27:50:Error at file[/Users/chongyan/Desktop/easyswoole/Temp/templates_c/1c1a557beeda322d569554e4c4c63142.php] line[171] message:[Undefined variable: list]
18-07-16 22:28:08:Error at file[/Users/chongyan/Desktop/easyswoole/Temp/templates_c/1c1a557beeda322d569554e4c4c63142.php] line[171] message:[Undefined variable: list]
18-07-16 22:28:18:Error at file[/Users/chongyan/Desktop/easyswoole/Temp/templates_c/1c1a557beeda322d569554e4c4c63142.php] line[171] message:[Undefined variable: list]
18-07-16 22:28:24:Error at file[/Users/chongyan/Desktop/easyswoole/Temp/templates_c/1c1a557beeda322d569554e4c4c63142.php] line[171] message:[Undefined variable: list]
18-07-16 22:29:06:Error at file[/Users/chongyan/Desktop/easyswoole/Temp/templates_c/1c1a557beeda322d569554e4c4c63142.php] line[62] message:[Undefined index: name]
18-07-16 22:29:06:Error at file[/Users/chongyan/Desktop/easyswoole/Temp/templates_c/1c1a557beeda322d569554e4c4c63142.php] line[171] message:[Undefined variable: list]
18-07-16 22:30:22:Error at file[/Users/chongyan/Desktop/easyswoole/Temp/templates_c/1c1a557beeda322d569554e4c4c63142.php] line[171] message:[Undefined variable: list]
18-07-16 22:30:24:Error at file[/Users/chongyan/Desktop/easyswoole/Temp/templates_c/1c1a557beeda322d569554e4c4c63142.php] line[171] message:[Undefined variable: list]
18-07-16 22:30:25:Error at file[/Users/chongyan/Desktop/easyswoole/Temp/templates_c/1c1a557beeda322d569554e4c4c63142.php] line[171] message:[Undefined variable: list]
18-07-16 22:31:01:Error at file[/Users/chongyan/Desktop/easyswoole/Temp/templates_c/1c1a557beeda322d569554e4c4c63142.php] line[172] message:[Undefined variable: list]
18-07-16 22:31:13:Error at file[/Users/chongyan/Desktop/easyswoole/Temp/templates_c/1c1a557beeda322d569554e4c4c63142.php] line[172] message:[Undefined variable: list]
18-07-16 22:31:22:Error at file[/Users/chongyan/Desktop/easyswoole/Temp/templates_c/1c1a557beeda322d569554e4c4c63142.php] line[173] message:[Undefined variable: list]
18-07-16 22:31:24:Error at file[/Users/chongyan/Desktop/easyswoole/Temp/templates_c/1c1a557beeda322d569554e4c4c63142.php] line[173] message:[Undefined variable: list]
18-07-16 22:31:40:Error at file[/Users/chongyan/Desktop/easyswoole/Temp/templates_c/1c1a557beeda322d569554e4c4c63142.php] line[173] message:[Undefined variable: list]
18-07-16 22:31:41:Error at file[/Users/chongyan/Desktop/easyswoole/Temp/templates_c/1c1a557beeda322d569554e4c4c63142.php] line[173] message:[Undefined variable: list]
18-07-16 22:31:43:Error at file[/Users/chongyan/Desktop/easyswoole/Temp/templates_c/1c1a557beeda322d569554e4c4c63142.php] line[173] message:[Undefined variable: list]
18-07-16 22:32:01:Error at file[/Users/chongyan/Desktop/easyswoole/Temp/templates_c/1c1a557beeda322d569554e4c4c63142.php] line[173] message:[Undefined variable: list]
18-07-16 22:32:08:Error at file[/Users/chongyan/Desktop/easyswoole/Temp/templates_c/1c1a557beeda322d569554e4c4c63142.php] line[173] message:[Undefined variable: list]
18-07-16 22:32:09:Error at file[/Users/chongyan/Desktop/easyswoole/Temp/templates_c/1c1a557beeda322d569554e4c4c63142.php] line[173] message:[Undefined variable: list]
18-07-16 22:32:09:Error at file[/Users/chongyan/Desktop/easyswoole/Temp/templates_c/1c1a557beeda322d569554e4c4c63142.php] line[173] message:[Undefined variable: list]
18-07-16 22:32:11:Error at file[/Users/chongyan/Desktop/easyswoole/Temp/templates_c/1c1a557beeda322d569554e4c4c63142.php] line[173] message:[Undefined variable: list]
18-07-16 22:32:19:Error at file[/Users/chongyan/Desktop/easyswoole/Temp/templates_c/1c1a557beeda322d569554e4c4c63142.php] line[173] message:[Undefined variable: list]
18-07-16 22:33:43:Error at file[/Users/chongyan/Desktop/easyswoole/Temp/templates_c/1c1a557beeda322d569554e4c4c63142.php] line[172] message:[Undefined variable: list]
18-07-16 22:33:50:Error at file[/Users/chongyan/Desktop/easyswoole/Temp/templates_c/1c1a557beeda322d569554e4c4c63142.php] line[172] message:[Undefined variable: list]
18-07-16 22:34:13:Error at file[/Users/chongyan/Desktop/easyswoole/Temp/templates_c/1c1a557beeda322d569554e4c4c63142.php] line[172] message:[Undefined variable: list]
18-07-16 22:41:46:Error at file[/Users/chongyan/Desktop/easyswoole/Temp/templates_c/b797192e68cb47d8e536a07df19bf62f.php] line[120] message:[Undefined index: sort_id]
18-07-16 22:41:46:Error at file[/Users/chongyan/Desktop/easyswoole/Temp/templates_c/b797192e68cb47d8e536a07df19bf62f.php] line[122] message:[Undefined index: tag]
18-07-16 22:41:46:Error at file[/Users/chongyan/Desktop/easyswoole/Temp/templates_c/b797192e68cb47d8e536a07df19bf62f.php] line[123] message:[Undefined index: is_delete]
18-07-16 22:41:46:Error at file[/Users/chongyan/Desktop/easyswoole/Temp/templates_c/b797192e68cb47d8e536a07df19bf62f.php] line[125] message:[Undefined index: type_id]
18-07-16 22:41:46:Error at file[/Users/chongyan/Desktop/easyswoole/Temp/templates_c/b797192e68cb47d8e536a07df19bf62f.php] line[126] message:[Undefined index: pic]
18-07-16 22:41:50:Error at file[/Users/chongyan/Desktop/easyswoole/Temp/templates_c/b797192e68cb47d8e536a07df19bf62f.php] line[120] message:[Undefined index: sort_id]
18-07-16 22:41:50:Error at file[/Users/chongyan/Desktop/easyswoole/Temp/templates_c/b797192e68cb47d8e536a07df19bf62f.php] line[122] message:[Undefined index: tag]
18-07-16 22:41:50:Error at file[/Users/chongyan/Desktop/easyswoole/Temp/templates_c/b797192e68cb47d8e536a07df19bf62f.php] line[123] message:[Undefined index: is_delete]
18-07-16 22:41:50:Error at file[/Users/chongyan/Desktop/easyswoole/Temp/templates_c/b797192e68cb47d8e536a07df19bf62f.php] line[125] message:[Undefined index: type_id]
18-07-16 22:41:50:Error at file[/Users/chongyan/Desktop/easyswoole/Temp/templates_c/b797192e68cb47d8e536a07df19bf62f.php] line[126] message:[Undefined index: pic]
18-07-16 22:42:53:Error at file[/Users/chongyan/Desktop/easyswoole/Temp/templates_c/b797192e68cb47d8e536a07df19bf62f.php] line[120] message:[Undefined index: sort_id]
18-07-16 22:42:53:Error at file[/Users/chongyan/Desktop/easyswoole/Temp/templates_c/b797192e68cb47d8e536a07df19bf62f.php] line[122] message:[Undefined index: tag]
18-07-16 22:42:53:Error at file[/Users/chongyan/Desktop/easyswoole/Temp/templates_c/b797192e68cb47d8e536a07df19bf62f.php] line[123] message:[Undefined index: is_delete]
18-07-16 22:42:53:Error at file[/Users/chongyan/Desktop/easyswoole/Temp/templates_c/b797192e68cb47d8e536a07df19bf62f.php] line[125] message:[Undefined index: type_id]
18-07-16 22:42:53:Error at file[/Users/chongyan/Desktop/easyswoole/Temp/templates_c/b797192e68cb47d8e536a07df19bf62f.php] line[126] message:[Undefined index: pic]
18-07-16 22:42:54:Error at file[/Users/chongyan/Desktop/easyswoole/Temp/templates_c/b797192e68cb47d8e536a07df19bf62f.php] line[120] message:[Undefined index: sort_id]
18-07-16 22:42:54:Error at file[/Users/chongyan/Desktop/easyswoole/Temp/templates_c/b797192e68cb47d8e536a07df19bf62f.php] line[122] message:[Undefined index: tag]
18-07-16 22:42:54:Error at file[/Users/chongyan/Desktop/easyswoole/Temp/templates_c/b797192e68cb47d8e536a07df19bf62f.php] line[123] message:[Undefined index: is_delete]
18-07-16 22:42:54:Error at file[/Users/chongyan/Desktop/easyswoole/Temp/templates_c/b797192e68cb47d8e536a07df19bf62f.php] line[125] message:[Undefined index: type_id]
18-07-16 22:42:54:Error at file[/Users/chongyan/Desktop/easyswoole/Temp/templates_c/b797192e68cb47d8e536a07df19bf62f.php] line[126] message:[Undefined index: pic]
18-07-17 15:52:43:Error at file[/opt/Temp/templates_c/425c9b0f06b5d91fd9ec1826fedeb904.php] line[120] message:[Undefined index: sort_id]
18-07-17 15:52:43:Error at file[/opt/Temp/templates_c/425c9b0f06b5d91fd9ec1826fedeb904.php] line[122] message:[Undefined index: tag]
18-07-17 15:52:43:Error at file[/opt/Temp/templates_c/425c9b0f06b5d91fd9ec1826fedeb904.php] line[124] message:[Undefined index: is_top]
18-07-17 15:52:46:Error at file[/opt/Temp/templates_c/425c9b0f06b5d91fd9ec1826fedeb904.php] line[120] message:[Undefined index: sort_id]
18-07-17 15:52:46:Error at file[/opt/Temp/templates_c/425c9b0f06b5d91fd9ec1826fedeb904.php] line[122] message:[Undefined index: tag]
18-07-17 15:52:46:Error at file[/opt/Temp/templates_c/425c9b0f06b5d91fd9ec1826fedeb904.php] line[124] message:[Undefined index: is_top]
18-07-17 15:52:52:Error at file[/opt/Temp/templates_c/425c9b0f06b5d91fd9ec1826fedeb904.php] line[120] message:[Undefined index: sort_id]
18-07-17 15:52:52:Error at file[/opt/Temp/templates_c/425c9b0f06b5d91fd9ec1826fedeb904.php] line[122] message:[Undefined index: tag]
18-07-17 15:52:52:Error at file[/opt/Temp/templates_c/425c9b0f06b5d91fd9ec1826fedeb904.php] line[124] message:[Undefined index: is_top]
18-07-17 16:39:24:Error at file[/opt/App/Utility/Uploader.php] line[75] message:[Undefined variable: file]
18-07-17 16:40:01:Error at file[/opt/App/Utility/Uploader.php] line[76] message:[Undefined variable: file]
18-07-17 16:41:00:Error at file[/opt/App/Utility/Uploader.php] line[76] message:[Undefined variable: file]
18-07-17 16:41:28:Error at file[/opt/App/Utility/Uploader.php] line[75] message:[Undefined variable: file]
18-07-17 16:42:32:Error at file[/opt/App/Utility/Uploader.php] line[75] message:[Undefined variable: file]
18-07-17 17:09:22:Error at file[/opt/App/Utility/Uploader.php] line[75] message:[Undefined variable: file]
18-07-17 17:10:21:Error at file[/opt/App/Utility/Uploader.php] line[83] message:[Undefined index: tmp_name]
18-07-17 17:43:10:Error at file[/opt/App/HttpController/Index.php] line[188] message:[Array to string conversion]
18-07-19 15:46:04:Error at file[/opt/App/HttpController/Admin/Index.php] line[38] message:[Undefined index: view]
18-07-20 09:38:36:Error at file[/opt/App/HttpController/Admin/Index.php] line[38] message:[Undefined index: view]
18-07-20 09:46:10:Error at file[/opt/Temp/templates_c/642638f9615a6c3e6cfe23a7166f6031.php] line[172] message:[Undefined variable: list]
18-07-20 09:46:49:Error at file[/opt/Temp/templates_c/642638f9615a6c3e6cfe23a7166f6031.php] line[172] message:[Undefined variable: list]
18-07-20 09:47:29:Error at file[/opt/Temp/templates_c/642638f9615a6c3e6cfe23a7166f6031.php] line[172] message:[Undefined variable: list]
18-07-20 09:47:33:Error at file[/opt/Temp/templates_c/642638f9615a6c3e6cfe23a7166f6031.php] line[172] message:[Undefined variable: list]
18-07-20 10:42:38:Error at file[/opt/vendor/topthink/think-orm/src/db/Connection.php] line[646] message:[PDO::prepare(): MySQL server has gone away]
18-07-20 10:46:13:Error at file[/opt/vendor/easyswoole/easyswoole/src/Core/Swoole/ServerManager.php] line[115] message:[Uncaught Swoole\Exception: failed to listen server port[0.0.0.0:9501]. Error: Address already in use[98]. in /opt/vendor/easyswoole/easyswoole/src/Core/Swoole/ServerManager.php:115
Stack trace:
#0 /opt/vendor/easyswoole/easyswoole/src/Core/Swoole/ServerManager.php(115): Swoole\Server->__construct('0.0.0.0', 9501, 3, 1)
#1 /opt/vendor/easyswoole/easyswoole/src/Core/Swoole/ServerManager.php(61): EasySwoole\Core\Swoole\ServerManager->createMainServer()
#2 /opt/vendor/easyswoole/easyswoole/src/Core/Core.php(45): EasySwoole\Core\Swoole\ServerManager->start()
#3 /opt/vendor/easyswoole/easyswoole/bin/easyswoole(321): EasySwoole\Core\Core->run()
#4 /opt/vendor/easyswoole/easyswoole/bin/easyswoole(24): serverStart(Array)
#5 /opt/vendor/easyswoole/easyswoole/bin/easyswoole(457): commandHandler()
#6 /opt/easyswoole(2): require('/opt/vendor/eas...')
#7 {main}
  thrown]
